----------------------------------------------------------------------------------------------------
------------------------------------ MegaLinter, by OX Security ------------------------------------
----------------------------------------------------------------------------------------------------
 - Image Creation Date: 2023-04-03T18:33:42Z
 - Image Revision: 93700f8c21c59ea784a32abe23896e49e54463b8
 - Image Version: v6.22.2
----------------------------------------------------------------------------------------------------
The MegaLinter documentation can be found at:
 - https://megalinter.io/6.22.2
----------------------------------------------------------------------------------------------------
::group::MegaLinter initialization (expand for details)
GITHUB_REPOSITORY: trifork/cheetah-lib-shared-dotnet
GITHUB_REF: refs/pull/29/merge
GITHUB_RUN_ID: 4879679229


[Activation] JAVASCRIPT_ES has been set inactive, as none of these files has been found: ['.eslintrc.json', '.eslintrc.yml', '.eslintrc.yaml', '.eslintrc.js', '.eslintrc.cjs', 'package.json:eslintConfig']
[Activation] JSON_NPM_PACKAGE_JSON_LINT has been set inactive, as none of these files has been found: ['package.json']
[Activation] JSX_ESLINT has been set inactive, as none of these files has been found: ['.eslintrc.json', '.eslintrc.yml', '.eslintrc.yaml', '.eslintrc.js', '.eslintrc.cjs', 'package.json:eslintConfig']
[Activation] KUBERNETES_HELM has been set inactive, as none of these files has been found: ['Chart.yml', 'Chart.yaml']
[Activation] REPOSITORY_GOODCHECK has been set inactive, as none of these files has been found: ['goodcheck.yml']
[SemgrepLinter] Deactivated because no ruleset has been defined
[Activation] SQL_SQLFLUFF has been set inactive, as none of these files has been found: ['.sqlfluff']
[Activation] SWIFT_SWIFTLINT has been set inactive, as none of these files has been found: ['.swiftlint.yml']
[Activation] TSX_ESLINT has been set inactive, as none of these files has been found: ['.eslintrc.json', '.eslintrc.yml', '.eslintrc.yaml', '.eslintrc.js', '.eslintrc.cjs', 'package.json:eslintConfig']
[Activation] TYPESCRIPT_ES has been set inactive, as none of these files has been found: ['.eslintrc.json', '.eslintrc.yml', '.eslintrc.yaml', '.eslintrc.js', '.eslintrc.cjs', 'package.json:eslintConfig']
MARKDOWN_REMARK_LINT has been temporary disabled in MegaLinter, please use a previous MegaLinter version or wait for the next one !
Skipped linters: ANSIBLE_ANSIBLE_LINT, COPYPASTE_JSCPD, JAVASCRIPT_ES, JAVASCRIPT_PRETTIER, JSON_NPM_PACKAGE_JSON_LINT, JSX_ESLINT, KUBERNETES_HELM, KUBERNETES_KUBECONFORM, KUBERNETES_KUBEVAL, MARKDOWN_REMARK_LINT, REPOSITORY_GOODCHECK, REPOSITORY_SEMGREP, SALESFORCE_SFDX_SCANNER_APEX, SALESFORCE_SFDX_SCANNER_AURA, SALESFORCE_SFDX_SCANNER_LWC, SPELL_CSPELL, SPELL_MISSPELL, SPELL_PROSELINT, SQL_SQLFLUFF, SWIFT_SWIFTLINT, TSX_ESLINT, TYPESCRIPT_ES, TYPESCRIPT_PRETTIER
To receive reports as email, please set variable EMAIL_REPORTER_EMAIL
::endgroup::
::group::MegaLinter now collects the files to analyse (expand for details)
Listing updated files in [/github/workspace] using git diff.
Modified files:
src/Cheetah.Componenttest/ComponentTestRunner.cs
src/Cheetah.WebApi.Shared/Cheetah.WebApi.Shared.xml
src/Cheetah.WebApi.Shared/Infrastructure/Auth/TokenService.cs
src/Cheetah.WebApi.Shared/Infrastructure/ServiceProvider/ServiceCollectionExtensions.cs
src/Cheetah.WebApi.Shared/Infrastructure/Services/indexFragments/IndexPrefix.cs
src/Cheetah.WebApi.Shared/Middleware/Metric/KestrelMetricService.cs
src/Cheetah.WebApi.Shared/Middleware/Startup/StartupTaskContext.cs
src/Cheetah.WebApi.Shared/Middleware/Startup/StartupTaskExtensions.cs
- File extensions: , *, .R, .RMD, .Rmd, .bash, .bicep, .c, .c++, .cc, .cdxml, .clj, .cljc, .cljs, .coffee, .cpp, .cs, .css, .cu, .cuh, .cxx, .dart, .dash, .edn, .env, .feature, .go, .gradle, .graphql, .groovy, .gvy, .h, .h++, .hcl, .hh, .hpp, .htm, .html, .hxx, .java, .js, .json, .json5, .jsonc, .ksh, .kt, .kts, .lua, .md, .nf, .p6, .php, .pl, .pl6, .pm, .pm6, .pp, .proto, .ps1, .ps1xml, .psd1, .psm1, .psrc, .pssc, .py, .r, .raku, .rakumod, .rakutest, .rb, .rs, .rst, .saas, .scala, .scss, .sh, .smk, .sql, .t, .tex, .tf, .ts, .vb, .xml, .yaml, .yml
- File names (regex): Dockerfile, Jenkinsfile, Makefile, Snakefile
- Excluding regex: (\.automation/test|\.automation/generated|\.github/workflows|docs/javascripts|docs/overrides|docs/json-schemas|flavors|clj-kondo|TEMPLATES|.devcontainer)
- Excluding .gitignored files [0]: 
Kept [8] files on [8] found files

+----MATCHING LINTERS-----------------+----------+----------------+------------+
| Descriptor   | Linter               | Criteria | Matching files | Format/Fix |
+--------------+----------------------+----------+----------------+------------+
| CSHARP       | dotnet-format        | .cs      | 7              | yes        |
| CSHARP       | csharpier            | .cs      | 7              | yes        |
| EDITORCONFIG | editorconfig-checker | *        | 8              | no         |
| REPOSITORY   | checkov              |          | project        | no         |
| REPOSITORY   | devskim              |          | project        | no         |
| REPOSITORY   | dustilock            |          | project        | no         |
| REPOSITORY   | git_diff             |          | project        | no         |
| REPOSITORY   | gitleaks             |          | project        | no         |
| REPOSITORY   | secretlint           |          | project        | no         |
| REPOSITORY   | syft                 |          | project        | no         |
| REPOSITORY   | trivy                |          | project        | no         |
| XML          | xmllint              | .xml     | 1              | yes        |
+--------------+----------------------+----------+----------------+------------+
::endgroup::
::group::[32m✅ Linted [XML] files with [xmllint] successfully - (0.01s)[0m (expand for details)
- Using [xmllint v21003] https://megalinter.io/6.22.2/descriptors/xml_xmllint
- MegaLinter key: [XML_XMLLINT]
- Rules config: identified by [xmllint]
- Number of files analyzed: [1]
::endgroup::
::group::[32m✅ Linted [REPOSITORY] files with [gitleaks] successfully - (36.31s)[0m (expand for details)
- Using [gitleaks v8.16.1] https://megalinter.io/6.22.2/descriptors/repository_gitleaks
- MegaLinter key: [REPOSITORY_GITLEAKS]
- Rules config: [.gitleaks.toml]
::endgroup::
::group::[32m✅ Linted [REPOSITORY] files with [checkov] successfully - (19.47s)[0m (expand for details)
- Using [checkov v2.3.149] https://megalinter.io/6.22.2/descriptors/repository_checkov
- MegaLinter key: [REPOSITORY_CHECKOV]
- Rules config: [.checkov.yml]
::endgroup::
::group::[32m✅ Linted [REPOSITORY] files with [trivy] successfully - (5.27s)[0m (expand for details)
- Using [trivy v0.39.0] https://megalinter.io/6.22.2/descriptors/repository_trivy
- MegaLinter key: [REPOSITORY_TRIVY]
- Rules config: identified by [trivy]
::endgroup::
::group::[32m✅ Linted [EDITORCONFIG] files with [editorconfig-checker] successfully - (0.09s)[0m (expand for details)
- Using [editorconfig-checker v2.7.0] https://megalinter.io/6.22.2/descriptors/editorconfig_editorconfig_checker
- MegaLinter key: [EDITORCONFIG_EDITORCONFIG_CHECKER]
- Rules config: identified by [editorconfig-checker]
- Number of files analyzed: [8]
::endgroup::
::group::[32m✅ Linted [REPOSITORY] files with [secretlint] successfully - (4.8s)[0m (expand for details)
- Using [secretlint v6.2.3] https://megalinter.io/6.22.2/descriptors/repository_secretlint
- MegaLinter key: [REPOSITORY_SECRETLINT]
- Rules config: [.secretlintrc.json]
- Ignore file: [.secretlintignore]
::endgroup::
::group::[32m✅ Linted [REPOSITORY] files with [git_diff] successfully - (0.02s)[0m (expand for details)
- Using [git_diff v2.38.4] https://megalinter.io/6.22.2/descriptors/repository_git_diff
- MegaLinter key: [REPOSITORY_GIT_DIFF]
- Rules config: identified by [git_diff]
::endgroup::
::group::[32m✅ Linted [CSHARP] files with [dotnet-format] successfully - (138.65s)[0m (expand for details)
- Using [dotnet-format v6.0.407] https://megalinter.io/6.22.2/descriptors/csharp_dotnet_format
- MegaLinter key: [CSHARP_DOTNET_FORMAT]
- Rules config: identified by [dotnet-format]
- Number of files analyzed: [7]
::endgroup::
::group::[32m✅ Linted [CSHARP] files with [csharpier] successfully - (1.52s)[0m (expand for details)
- Using [csharpier v0.23.0] https://megalinter.io/6.22.2/descriptors/csharp_csharpier
- MegaLinter key: [CSHARP_CSHARPIER]
- Rules config: identified by [csharpier]
- Number of files analyzed: [7]
::endgroup::

+----SUMMARY------+----------------------+---------------+-------+-------+--------+--------------+
| Descriptor      | Linter               | Mode          | Files | Fixed | Errors | Elapsed time |
+-----------------+----------------------+---------------+-------+-------+--------+--------------+
| ✅ CSHARP       | csharpier            | list_of_files |     7 |     7 |      0 |        1.52s |
| ✅ CSHARP       | dotnet-format        | file          |     7 |     1 |      0 |      138.65s |
| ✅ EDITORCONFIG | editorconfig-checker | list_of_files |     8 |       |      0 |        0.09s |
| ✅ REPOSITORY   | checkov              | project       |   n/a |       |      0 |       19.47s |
| ✅ REPOSITORY   | gitleaks             | project       |   n/a |       |      0 |       36.31s |
| ✅ REPOSITORY   | git_diff             | project       |   n/a |       |      0 |        0.02s |
| ✅ REPOSITORY   | secretlint           | project       |   n/a |       |      0 |         4.8s |
| ✅ REPOSITORY   | trivy                | project       |   n/a |       |      0 |        5.27s |
| ✅ XML          | xmllint              | list_of_files |     1 |     0 |      0 |        0.01s |
+-----------------+----------------------+---------------+-------+-------+--------+--------------+

[GitHub Comment Reporter] Posted summary as comment on trifork/cheetah-lib-shared-dotnet #PR29
[Updated Sources Reporter] copied 7 fixed source files in folder /github/workspace/megalinter-reports/updated_sources.
Download it from artifacts then copy-paste it in your local repo to apply linters updates
